server started
[ 'bearer',
  'eyJhbGciOiJIUzI1NiIsInR5cCI6IkpXVCJ9.eyJ1c2VyIjp7ImlkIjoxLCJ1c2VybmFtZSI6ImFtYW4iLCJlbWFpbCI6ImFtYW5hakBnbWFpbC5jb0ifSwiaWF0IjoxNTQyMjYzNDAzfQ.Ta6SeSVrXMOpkzpz2jhYWwoCkmCP6e5M8ecmjgWjKNI' ]
undefined
eyJhbGciOiJIUzI1NiIsInR5cCI6IkpXVCJ9.eyJ1c2VyIjp7ImlkIjoxLCJ1c2VybmFtZSI6ImFtYW4iLCJlbWFpbCI6ImFtYW5hakBnbWFpbC5jb0ifSwiaWF0IjoxNTQyMjYzNDAzfQ.Ta6SeSVrXMOpkzpz2jhYWwoCkmCP6e5M8ecmjgWjKNI
undefined
[ 'bearer',
  'eyJhbGciOiJIUzI1NiIsInR5cCI6IkpXVCJ9.eyJ1c2VyIjp7ImlkIjoxLCJ1c2VybmFtZSI6ImFtYW4iLCJlbWFpbCI6ImFtYW5hakBnbWFpbC5jb20ifSwiaWF0IjoxNTQyMzUyNTY2fQ.s1l0iaNWu2johRirQ7On88-gU0f0gqbvVqeXXVSv9Ow' ]
undefined
eyJhbGciOiJIUzI1NiIsInR5cCI6IkpXVCJ9.eyJ1c2VyIjp7ImlkIjoxLCJ1c2VybmFtZSI6ImFtYW4iLCJlbWFpbCI6ImFtYW5hakBnbWFpbC5jb20ifSwiaWF0IjoxNTQyMzUyNTY2fQ.s1l0iaNWu2johRirQ7On88-gU0f0gqbvVqeXXVSv9Ow
undefined
server started
[ 'bearer',
  'eyJhbGciOiJIUzI1NiIsInR5cCI6IkpXVCJ9.eyJ1c2VyIjp7ImlkIjoxLCJ1c2VybmFtZSI6ImFtYW4iLCJlbWFpbCI6ImFtYW5hakBnbWFpbC5jb20ifSwiaWF0IjoxNTQyMzUyNTY2fQ.s1l0iaNWu2johRirQ7On88-gU0f0gqbvVqeXXVSv9Ow' ]
undefined
eyJhbGciOiJIUzI1NiIsInR5cCI6IkpXVCJ9.eyJ1c2VyIjp7ImlkIjoxLCJ1c2VybmFtZSI6ImFtYW4iLCJlbWFpbCI6ImFtYW5hakBnbWFpbC5jb20ifSwiaWF0IjoxNTQyMzUyNTY2fQ.s1l0iaNWu2johRirQ7On88-gU0f0gqbvVqeXXVSv9Ow
undefined
[ 'bearer',
  'eyJhbGciOiJIUzI1NiIsInR5cCI6IkpXVCJ9.eyJ1c2VyIjp7ImlkIjoxLCJ1c2VybmFtZSI6ImFtYW4iLCJlbWFpbCI6ImFtYW5hakBnbWFpbC5jb20ifSwiaWF0IjoxNTQyMzUyNTY2fQ.s1l0iaNWu2johRirQ7On88-gU0f0gqbvVqeXXVSv9Ow' ]
undefined
eyJhbGciOiJIUzI1NiIsInR5cCI6IkpXVCJ9.eyJ1c2VyIjp7ImlkIjoxLCJ1c2VybmFtZSI6ImFtYW4iLCJlbWFpbCI6ImFtYW5hakBnbWFpbC5jb20ifSwiaWF0IjoxNTQyMzUyNTY2fQ.s1l0iaNWu2johRirQ7On88-gU0f0gqbvVqeXXVSv9Ow
undefined
[ 'bearer',
  'eyJhbGciOiJIUzI1NiIsInR5cCI6IkpXVCJ9.eyJ1c2VyIjp7ImlkIjoxLCJ1c2VybmFtZSI6ImFtYW4iLCJlbWFpbCI6ImFtYW5hakBnbWFpbC5jb20ifSwiaWF0IjoxNTQyMzUyNTY2fQ.s1l0iaNWu2johRirQ7On88-gU0f0gqbvVqeXXVSv9Ow' ]
undefined
eyJhbGciOiJIUzI1NiIsInR5cCI6IkpXVCJ9.eyJ1c2VyIjp7ImlkIjoxLCJ1c2VybmFtZSI6ImFtYW4iLCJlbWFpbCI6ImFtYW5hakBnbWFpbC5jb20ifSwiaWF0IjoxNTQyMzUyNTY2fQ.s1l0iaNWu2johRirQ7On88-gU0f0gqbvVqeXXVSv9Ow
undefined
